2014-01-16 18:26:46,576 - [INFO] - from play in main 
Application started (Prod)

2014-01-16 18:26:46,686 - [INFO] - from play in main 
Listening for HTTP on /127.0.0.1:8888

2014-01-16 18:26:50,464 - [INFO] - from application in default-akka.actor.default-dispatcher-4 
WebSocket streams created

2014-01-16 18:26:50,544 - [DEBUG] - from application in play-akka.actor.default-dispatcher-2 
Checking mime type for /Users/osserman/Downloads-1.(null), found: audio/mpeg

2014-01-16 18:26:50,552 - [DEBUG] - from application in play-akka.actor.default-dispatcher-2 
Checking mime type for /Users/osserman/mongo.log.2013-02-26T14-30-50, found: application/octet-stream

2014-01-16 18:26:50,556 - [DEBUG] - from application in play-akka.actor.default-dispatcher-2 
Checking mime type for /Users/osserman/mongo.log.2013-02-26T14-31-53, found: application/octet-stream

2014-01-16 18:26:50,561 - [DEBUG] - from application in play-akka.actor.default-dispatcher-2 
Checking mime type for /Users/osserman/mongo.log.2013-02-27T21-19-00, found: application/octet-stream

2014-01-16 18:26:50,566 - [DEBUG] - from application in play-akka.actor.default-dispatcher-2 
Checking mime type for /Users/osserman/mongo.log.2013-03-02T15-21-11, found: application/octet-stream

2014-01-16 18:26:50,570 - [DEBUG] - from application in play-akka.actor.default-dispatcher-2 
Checking mime type for /Users/osserman/mongo.log.2013-03-02T15-21-20, found: application/octet-stream

2014-01-16 18:26:50,574 - [DEBUG] - from application in play-akka.actor.default-dispatcher-2 
Checking mime type for /Users/osserman/mongo.log.2013-03-05T06-00-42, found: application/octet-stream

2014-01-16 18:26:50,577 - [DEBUG] - from application in play-akka.actor.default-dispatcher-2 
Checking mime type for /Users/osserman/mongo.log.2013-03-08T02-44-39, found: application/octet-stream

2014-01-16 18:26:50,584 - [DEBUG] - from application in play-akka.actor.default-dispatcher-2 
Checking mime type for /Users/osserman/mongo.log.2013-03-09T03-32-35, found: application/octet-stream

2014-01-16 18:26:50,589 - [DEBUG] - from application in play-akka.actor.default-dispatcher-2 
Checking mime type for /Users/osserman/mongo.log.2013-03-12T19-04-55, found: application/octet-stream

2014-01-16 18:26:50,593 - [DEBUG] - from application in play-akka.actor.default-dispatcher-2 
Checking mime type for /Users/osserman/mongo.log.2013-03-13T21-20-10, found: application/octet-stream

2014-01-16 18:26:50,597 - [DEBUG] - from application in play-akka.actor.default-dispatcher-2 
Checking mime type for /Users/osserman/mongo.log.2013-03-15T01-07-49, found: application/octet-stream

2014-01-16 18:26:50,601 - [DEBUG] - from application in play-akka.actor.default-dispatcher-2 
Checking mime type for /Users/osserman/mongo.log.2013-03-17T19-43-32, found: application/octet-stream

2014-01-16 18:26:50,605 - [DEBUG] - from application in play-akka.actor.default-dispatcher-2 
Checking mime type for /Users/osserman/mongo.log.2013-03-18T16-27-06, found: application/octet-stream

2014-01-16 18:26:50,608 - [DEBUG] - from application in play-akka.actor.default-dispatcher-2 
Checking mime type for /Users/osserman/mongo.log.2013-03-19T13-43-06, found: application/octet-stream

2014-01-16 18:26:50,612 - [DEBUG] - from application in play-akka.actor.default-dispatcher-2 
Checking mime type for /Users/osserman/mongo.log.2013-03-20T00-26-10, found: application/octet-stream

2014-01-16 18:26:50,615 - [DEBUG] - from application in play-akka.actor.default-dispatcher-2 
Checking mime type for /Users/osserman/mongo.log.2013-03-20T04-39-26, found: application/octet-stream

2014-01-16 18:26:50,619 - [DEBUG] - from application in play-akka.actor.default-dispatcher-2 
Checking mime type for /Users/osserman/mongo.log.2013-03-21T13-47-57, found: application/octet-stream

2014-01-16 18:26:57,323 - [DEBUG] - from application in play-akka.actor.default-dispatcher-7 
Loading app for /app html page

2014-01-16 18:26:57,329 - [DEBUG] - from application in play-akka.actor.default-dispatcher-4 
loaded for html page: App(risc@1})

2014-01-16 18:26:57,760 - [DEBUG] - from application in New I/O worker #10 
Connect request for app id: risc

2014-01-16 18:26:57,767 - [DEBUG] - from application in play-akka.actor.default-dispatcher-7 
app looks shiny and new! App(risc@1})

2014-01-16 18:26:57,768 - [DEBUG] - from application in play-akka.actor.default-dispatcher-7 
Computing connection streams for app ID risc

2014-01-16 18:26:57,770 - [DEBUG] - from application in play-akka.actor.default-dispatcher-7 
Loaded app for connection: App(risc@1})

2014-01-16 18:26:57,773 - [DEBUG] - from application in play-akka.actor.default-dispatcher-7 
CreateWebSocket resulted in (snap.WebSocketActor$ActorIteratee@7dabf474,play.api.libs.iteratee.Concurrent$$anon$10@243e2c21)

2014-01-16 18:26:57,773 - [DEBUG] - from application in play-akka.actor.default-dispatcher-7 
WebSocket streams created

2014-01-16 18:26:58,224 - [DEBUG] - from application in play-akka.actor.default-dispatcher-7 
Checking mime type for /Users/osserman/Documents/Spring Senior Year/ECE 496/risc/risc/activator, found: application/x-shellscript

2014-01-16 18:26:58,226 - [DEBUG] - from application in play-akka.actor.default-dispatcher-7 
Checking mime type for /Users/osserman/Documents/Spring Senior Year/ECE 496/risc/risc/activator-launch-1.0.10.jar, found: application/zip

2014-01-16 18:26:58,228 - [DEBUG] - from application in play-akka.actor.default-dispatcher-7 
Checking mime type for /Users/osserman/Documents/Spring Senior Year/ECE 496/risc/risc/LICENSE, found: application/octet-stream

2014-01-16 18:27:18,469 - [DEBUG] - from application in ForkJoinPool-3-worker-9 
Sending app actor 14 source files

2014-01-16 18:27:28,924 - [DEBUG] - from application in ForkJoinPool-3-worker-9 
Sending app actor 14 source files

